Watching for file changes with StatReloader
[13/Jul/2025 02:36:31] "HEAD /dashboard/ HTTP/1.1" 302 0
[13/Jul/2025 02:36:35] "GET /accounts/login/ HTTP/1.1" 200 2966
[13/Jul/2025 02:37:36] "GET /accounts/login/ HTTP/1.1" 200 2966
[13/Jul/2025 02:37:55] "GET /accounts/login/ HTTP/1.1" 200 2966
[13/Jul/2025 02:37:55] "POST /accounts/login/ HTTP/1.1" 302 0
Forbidden (CSRF token missing.): /dashboard/
[13/Jul/2025 02:37:55] "POST /dashboard/ HTTP/1.1" 403 2491
[13/Jul/2025 02:38:26] "GET /accounts/login/ HTTP/1.1" 200 2966
[13/Jul/2025 02:38:26] "GET /accounts/login/ HTTP/1.1" 200 2966
[13/Jul/2025 02:38:30] "GET / HTTP/1.1" 200 7536
[13/Jul/2025 02:38:34] "GET /dashboard/ HTTP/1.1" 302 0
[13/Jul/2025 02:38:34] "GET /accounts/login/?next=/dashboard/ HTTP/1.1" 200 2977
Unauthorized: /dashboard/api/data/
[13/Jul/2025 02:38:39] "GET /dashboard/api/data/ HTTP/1.1" 401 36
[13/Jul/2025 02:57:28] "GET /admin/ HTTP/1.1" 302 0
[13/Jul/2025 02:57:28] "GET /admin/login/?next=/admin/ HTTP/1.1" 200 4170
[13/Jul/2025 02:57:29] "GET /api/ HTTP/1.1" 200 9170
[13/Jul/2025 02:57:29] "GET /static/rest_framework/css/bootstrap.min.css HTTP/1.1" 200 121457
[13/Jul/2025 02:57:29] "GET /static/rest_framework/css/bootstrap-tweaks.css HTTP/1.1" 200 3426
[13/Jul/2025 02:57:29] "GET /static/rest_framework/css/default.css HTTP/1.1" 200 1152
[13/Jul/2025 02:57:29] "GET /static/rest_framework/css/prettify.css HTTP/1.1" 200 817
[13/Jul/2025 02:57:29] "GET /static/rest_framework/js/load-ajax-form.js HTTP/1.1" 200 59
[13/Jul/2025 02:57:29] "GET /static/rest_framework/js/jquery-3.7.1.min.js HTTP/1.1" 304 0
[13/Jul/2025 02:57:29] "GET /static/rest_framework/js/ajax-form.js HTTP/1.1" 304 0
[13/Jul/2025 02:57:29] "GET /static/rest_framework/js/csrf.js HTTP/1.1" 304 0
[13/Jul/2025 02:57:29] "GET /static/rest_framework/js/prettify-min.js HTTP/1.1" 304 0
[13/Jul/2025 02:57:29] "GET /static/rest_framework/js/bootstrap.min.js HTTP/1.1" 304 0
[13/Jul/2025 02:57:29] "GET /static/rest_framework/js/default.js HTTP/1.1" 304 0
[13/Jul/2025 02:57:29] "GET /static/rest_framework/img/grid.png HTTP/1.1" 200 1458
[13/Jul/2025 02:57:30] "GET /dashboard/ HTTP/1.1" 302 0
[13/Jul/2025 02:57:30] "GET /accounts/login/?next=/dashboard/ HTTP/1.1" 200 2977
[13/Jul/2025 02:58:56] "GET / HTTP/1.1" 200 7536
[13/Jul/2025 02:59:07] "GET /admin/ HTTP/1.1" 302 0
[13/Jul/2025 02:59:07] "GET /admin/login/?next=/admin/ HTTP/1.1" 200 4170
[13/Jul/2025 02:59:07] "GET /static/admin/js/nav_sidebar.js HTTP/1.1" 304 0
[13/Jul/2025 02:59:07] "GET /static/admin/css/nav_sidebar.css HTTP/1.1" 304 0
[13/Jul/2025 02:59:07] "GET /static/admin/js/theme.js HTTP/1.1" 304 0
[13/Jul/2025 02:59:07] "GET /static/admin/css/login.css HTTP/1.1" 304 0
[13/Jul/2025 02:59:07] "GET /static/admin/css/dark_mode.css HTTP/1.1" 304 0
[13/Jul/2025 02:59:07] "GET /static/admin/css/base.css HTTP/1.1" 304 0
[13/Jul/2025 02:59:07] "GET /static/admin/css/responsive.css HTTP/1.1" 304 0
Not Found: /favicon.ico
[13/Jul/2025 02:59:14] "GET /api/ HTTP/1.1" 200 9170
[13/Jul/2025 02:59:14] "GET /static/rest_framework/img/grid.png HTTP/1.1" 200 1458
[13/Jul/2025 02:59:21] "GET /api/docs/ HTTP/1.1" 200 7424
[13/Jul/2025 02:59:26] "GET /dashboard/ HTTP/1.1" 302 0
[13/Jul/2025 02:59:26] "GET /accounts/login/?next=/dashboard/ HTTP/1.1" 200 2977
[13/Jul/2025 02:59:42] "POST /accounts/login/?next=/dashboard/ HTTP/1.1" 302 0
[13/Jul/2025 02:59:42] "GET /dashboard/ HTTP/1.1" 200 10631
/home/ariel/Python Project/venv/lib/python3.12/site-packages/rest_framework/pagination.py:207: UnorderedObjectListWarning: Pagination may yield inconsistent results with an unordered object_list: <class 'apps.inventory.models.Product'> QuerySet.
  paginator = self.django_paginator_class(queryset, page_size)
[13/Jul/2025 02:59:43] "GET /api/inventory/stats/ HTTP/1.1" 200 111
[13/Jul/2025 02:59:43] "GET /api/inventory/stats/ HTTP/1.1" 200 111
[13/Jul/2025 02:59:43] "GET /api/sales/stats/ HTTP/1.1" 200 184
[13/Jul/2025 02:59:43] "GET /api/inventory/products/ HTTP/1.1" 200 2528
[13/Jul/2025 02:59:43] "GET /api/sales/stats/ HTTP/1.1" 200 184
Forbidden (CSRF token from POST incorrect.): /admin/login/
[13/Jul/2025 02:59:51] "POST /admin/login/?next=/admin/ HTTP/1.1" 403 2503
[13/Jul/2025 03:00:02] "GET /admin/login/?next=/admin/ HTTP/1.1" 302 0
[13/Jul/2025 03:00:02] "GET /admin/ HTTP/1.1" 200 14265
[13/Jul/2025 03:00:02] "GET /static/admin/img/icon-addlink.svg HTTP/1.1" 200 331
[13/Jul/2025 03:00:02] "GET /static/admin/img/icon-changelink.svg HTTP/1.1" 200 380
Not Found: /favicon.ico
[13/Jul/2025 03:00:06] "POST /admin/logout/ HTTP/1.1" 302 0
[13/Jul/2025 03:00:06] "GET / HTTP/1.1" 200 7536
[13/Jul/2025 03:00:13] "GET /api/inventory/stats/ HTTP/1.1" 200 111
[13/Jul/2025 03:00:13] "GET /api/sales/stats/ HTTP/1.1" 200 184
[13/Jul/2025 03:00:13] "GET /api/inventory/stats/ HTTP/1.1" 200 111
[13/Jul/2025 03:00:13] "GET /api/inventory/products/ HTTP/1.1" 200 2528
[13/Jul/2025 03:00:13] "GET /api/sales/stats/ HTTP/1.1" 200 184
[13/Jul/2025 03:00:21] "GET /dashboard/ HTTP/1.1" 302 0
[13/Jul/2025 03:00:21] "GET /accounts/login/?next=/dashboard/ HTTP/1.1" 200 2977
[13/Jul/2025 03:00:34] "POST /accounts/login/?next=/dashboard/ HTTP/1.1" 302 0
[13/Jul/2025 03:00:34] "GET /dashboard/ HTTP/1.1" 200 10631
[13/Jul/2025 03:00:34] "GET /api/inventory/stats/ HTTP/1.1" 200 111
[13/Jul/2025 03:00:34] "GET /api/inventory/stats/ HTTP/1.1" 200 111
[13/Jul/2025 03:00:34] "GET /api/sales/stats/ HTTP/1.1" 200 184
[13/Jul/2025 03:00:34] "GET /api/inventory/products/ HTTP/1.1" 200 2528
[13/Jul/2025 03:00:34] "GET /api/sales/stats/ HTTP/1.1" 200 184
[13/Jul/2025 03:00:37] "GET /accounts/login/?next=/dashboard/ HTTP/1.1" 200 2977
Not Found: /favicon.ico
[13/Jul/2025 03:00:41] "POST /accounts/login/?next=/dashboard/ HTTP/1.1" 200 3397
[13/Jul/2025 03:00:50] "GET /admin/ HTTP/1.1" 200 14265
[13/Jul/2025 03:00:50] "GET /static/admin/css/dashboard.css HTTP/1.1" 200 441
Not Found: /favicon.ico
[13/Jul/2025 03:00:52] "POST /admin/logout/ HTTP/1.1" 302 0
[13/Jul/2025 03:00:52] "GET / HTTP/1.1" 200 7536
[13/Jul/2025 03:01:00] "GET /admin/ HTTP/1.1" 302 0
[13/Jul/2025 03:01:00] "GET /admin/login/?next=/admin/ HTTP/1.1" 200 4170
[13/Jul/2025 03:01:05] "POST /admin/login/?next=/admin/ HTTP/1.1" 302 0
[13/Jul/2025 03:01:05] "GET /admin/ HTTP/1.1" 200 14265
Forbidden (CSRF token from POST incorrect.): /accounts/login/
[13/Jul/2025 03:01:14] "POST /accounts/login/?next=/dashboard/ HTTP/1.1" 403 2503
Forbidden (CSRF token from POST incorrect.): /accounts/login/
[13/Jul/2025 03:03:03] "POST /accounts/login/?next=/dashboard/ HTTP/1.1" 403 2503
[13/Jul/2025 03:03:10] "GET /admin/ HTTP/1.1" 200 14265
[13/Jul/2025 03:03:14] "POST /admin/logout/ HTTP/1.1" 302 0
[13/Jul/2025 03:03:14] "GET / HTTP/1.1" 200 7536
[13/Jul/2025 03:03:27] "GET /admin/ HTTP/1.1" 302 0
[13/Jul/2025 03:03:27] "GET /admin/login/?next=/admin/ HTTP/1.1" 200 4170
[13/Jul/2025 03:03:33] "POST /admin/login/?next=/admin/ HTTP/1.1" 302 0
[13/Jul/2025 03:03:33] "GET /admin/ HTTP/1.1" 200 14265
[13/Jul/2025 03:03:39] "GET /admin/users/user/ HTTP/1.1" 200 19556
[13/Jul/2025 03:03:39] "GET /static/admin/css/changelists.css HTTP/1.1" 200 6878
[13/Jul/2025 03:03:39] "GET /static/admin/js/jquery.init.js HTTP/1.1" 200 347
[13/Jul/2025 03:03:39] "GET /static/admin/js/vendor/jquery/jquery.js HTTP/1.1" 304 0
[13/Jul/2025 03:03:39] "GET /static/admin/js/core.js HTTP/1.1" 304 0
[13/Jul/2025 03:03:39] "GET /static/admin/js/urlify.js HTTP/1.1" 304 0
[13/Jul/2025 03:03:39] "GET /static/admin/js/actions.js HTTP/1.1" 304 0
[13/Jul/2025 03:03:39] "GET /static/admin/js/prepopulate.js HTTP/1.1" 304 0
[13/Jul/2025 03:03:39] "GET /static/admin/js/admin/RelatedObjectLookups.js HTTP/1.1" 304 0
[13/Jul/2025 03:03:39] "GET /static/admin/js/vendor/xregexp/xregexp.js HTTP/1.1" 304 0
[13/Jul/2025 03:03:39] "GET /admin/jsi18n/ HTTP/1.1" 200 3342
[13/Jul/2025 03:03:39] "GET /static/admin/js/filters.js HTTP/1.1" 304 0
[13/Jul/2025 03:03:39] "GET /static/admin/img/icon-no.svg HTTP/1.1" 200 560
[13/Jul/2025 03:03:39] "GET /static/admin/img/icon-yes.svg HTTP/1.1" 200 436
[13/Jul/2025 03:03:39] "GET /static/admin/img/search.svg HTTP/1.1" 200 458
[13/Jul/2025 03:03:39] "GET /static/admin/img/tooltag-add.svg HTTP/1.1" 200 331
[13/Jul/2025 03:03:39] "GET /static/admin/img/sorting-icons.svg HTTP/1.1" 200 1097
[13/Jul/2025 03:03:39] "GET /static/admin/img/icon-viewlink.svg HTTP/1.1" 200 581
[13/Jul/2025 03:03:48] "POST /admin/logout/ HTTP/1.1" 302 0
[13/Jul/2025 03:03:48] "GET / HTTP/1.1" 200 7536
[13/Jul/2025 03:03:50] "GET /admin/ HTTP/1.1" 302 0
[13/Jul/2025 03:03:50] "GET /admin/login/?next=/admin/ HTTP/1.1" 200 4170
[13/Jul/2025 03:03:53] "GET /dashboard/ HTTP/1.1" 302 0
[13/Jul/2025 03:03:53] "GET /accounts/login/?next=/dashboard/ HTTP/1.1" 200 2977
